# JRE version: OpenJDK Runtime Environment Temurin-17.0.19+10 (17.0.19+10) (build 17.0.19+10)
# Java VM: OpenJDK 64-Bit Server VM Temurin-17.0.19+10 (17.0.19+10, mixed mode, sharing, tiered, compressed oops, compressed class ptrs, g1 gc, windows-amd64)
GC Precious Log:
 CPUs: 12 total, 12 available
 Memory: 16071M
 Large Page Support: Disabled
 NUMA Support: Disabled
 Compressed Oops: Enabled (Zero based)
 Heap Region Size: 2M
 Heap Min Capacity: 8M
 Heap Initial Capacity: 252M
 Heap Max Capacity: 4018M
 Pre-touch: Disabled
 Parallel Workers: 10
 Concurrent Workers: 3
 Concurrent Refinement Workers: 10
 Periodic GC: Disabled
Heap:
 garbage-first heap   total 163840K, used 101899K [0x0000000704e00000, 0x0000000800000000)
  region size 2048K, 23 young (47104K), 1 survivors (2048K)
 Metaspace       used 49771K, committed 50048K, reserved 1114112K
  class space    used 5687K, committed 5824K, reserved 1048576K
GC Heap History (20 events):
Event: 0.529 GC heap before
{Heap before GC invocations=0 (full 0):
 garbage-first heap   total 258048K, used 24576K [0x0000000704e00000, 0x0000000800000000)
  region size 2048K, 11 young (22528K), 0 survivors (0K)
 Metaspace       used 6523K, committed 6592K, reserved 1114112K
  class space    used 684K, committed 704K, reserved 1048576K
}
Event: 0.532 GC heap after
{Heap after GC invocations=1 (full 0):
 garbage-first heap   total 258048K, used 6975K [0x0000000704e00000, 0x0000000800000000)
  region size 2048K, 2 young (4096K), 2 survivors (4096K)
 Metaspace       used 6523K, committed 6592K, reserved 1114112K
  class space    used 684K, committed 704K, reserved 1048576K
}
Event: 1.097 GC heap before
{Heap before GC invocations=1 (full 0):
 garbage-first heap   total 258048K, used 47935K [0x0000000704e00000, 0x0000000800000000)
  region size 2048K, 19 young (38912K), 2 survivors (4096K)
 Metaspace       used 17084K, committed 17344K, reserved 1114112K
  class space    used 2251K, committed 2368K, reserved 1048576K
}
Event: 1.102 GC heap after
{Heap after GC invocations=2 (full 0):
 garbage-first heap   total 258048K, used 15969K [0x0000000704e00000, 0x0000000800000000)
  region size 2048K, 3 young (6144K), 3 survivors (6144K)
 Metaspace       used 17084K, committed 17344K, reserved 1114112K
  class space    used 2251K, committed 2368K, reserved 1048576K
}
Event: 1.707 GC heap before
{Heap before GC invocations=2 (full 0):
 garbage-first heap   total 258048K, used 91745K [0x0000000704e00000, 0x0000000800000000)
  region size 2048K, 40 young (81920K), 3 survivors (6144K)
 Metaspace       used 21295K, committed 21504K, reserved 1114112K
  class space    used 2897K, committed 3008K, reserved 1048576K
}
Event: 1.730 GC heap after
{Heap after GC invocations=3 (full 0):
 garbage-first heap   total 258048K, used 24630K [0x0000000704e00000, 0x0000000800000000)
  region size 2048K, 10 young (20480K), 10 survivors (20480K)
 Metaspace       used 21295K, committed 21504K, reserved 1114112K
  class space    used 2897K, committed 3008K, reserved 1048576K
}
Event: 2.235 GC heap before
{Heap before GC invocations=4 (full 0):
 garbage-first heap   total 96256K, used 69686K [0x0000000704e00000, 0x0000000800000000)
  region size 2048K, 28 young (57344K), 10 survivors (20480K)
 Metaspace       used 26832K, committed 27008K, reserved 1114112K
  class space    used 3453K, committed 3520K, reserved 1048576K
}
Event: 2.266 GC heap after
{Heap after GC invocations=5 (full 0):
 garbage-first heap   total 102400K, used 41748K [0x0000000704e00000, 0x0000000800000000)
  region size 2048K, 4 young (8192K), 4 survivors (8192K)
 Metaspace       used 26832K, committed 27008K, reserved 1114112K
  class space    used 3453K, committed 3520K, reserved 1048576K
}
Event: 2.304 GC heap before
{Heap before GC invocations=5 (full 0):
 garbage-first heap   total 102400K, used 43796K [0x0000000704e00000, 0x0000000800000000)
  region size 2048K, 5 young (10240K), 4 survivors (8192K)
 Metaspace       used 27292K, committed 27520K, reserved 1114112K
  class space    used 3481K, committed 3584K, reserved 1048576K
}
Event: 2.310 GC heap after
{Heap after GC invocations=6 (full 0):
 garbage-first heap   total 102400K, used 43304K [0x0000000704e00000, 0x0000000800000000)
  region size 2048K, 1 young (2048K), 1 survivors (2048K)
 Metaspace       used 27292K, committed 27520K, reserved 1114112K
  class space    used 3481K, committed 3584K, reserved 1048576K
}
Event: 2.829 GC heap before
{Heap before GC invocations=6 (full 0):
 garbage-first heap   total 102400K, used 71976K [0x0000000704e00000, 0x0000000800000000)
  region size 2048K, 16 young (32768K), 1 survivors (2048K)
 Metaspace       used 33552K, committed 33792K, reserved 1114112K
  class space    used 4168K, committed 4224K, reserved 1048576K
}
Event: 2.835 GC heap after
{Heap after GC invocations=7 (full 0):
 garbage-first heap   total 102400K, used 45263K [0x0000000704e00000, 0x0000000800000000)
  region size 2048K, 2 young (4096K), 2 survivors (4096K)
 Metaspace       used 33552K, committed 33792K, reserved 1114112K
  class space    used 4168K, committed 4224K, reserved 1048576K
}
Event: 3.236 GC heap before
{Heap before GC invocations=7 (full 0):
 garbage-first heap   total 102400K, used 73935K [0x0000000704e00000, 0x0000000800000000)
  region size 2048K, 17 young (34816K), 2 survivors (4096K)
 Metaspace       used 35515K, committed 35776K, reserved 1114112K
  class space    used 4373K, committed 4480K, reserved 1048576K
}
Event: 3.243 GC heap after
{Heap after GC invocations=8 (full 0):
 garbage-first heap   total 163840K, used 47558K [0x0000000704e00000, 0x0000000800000000)
  region size 2048K, 3 young (6144K), 3 survivors (6144K)
 Metaspace       used 35515K, committed 35776K, reserved 1114112K
  class space    used 4373K, committed 4480K, reserved 1048576K
}
Event: 3.362 GC heap before
{Heap before GC invocations=8 (full 0):
 garbage-first heap   total 163840K, used 55750K [0x0000000704e00000, 0x0000000800000000)
  region size 2048K, 8 young (16384K), 3 survivors (6144K)
 Metaspace       used 35781K, committed 35968K, reserved 1114112K
  class space    used 4399K, committed 4480K, reserved 1048576K
}
Event: 3.365 GC heap after
{Heap after GC invocations=9 (full 0):
 garbage-first heap   total 163840K, used 48130K [0x0000000704e00000, 0x0000000800000000)
  region size 2048K, 3 young (6144K), 3 survivors (6144K)
 Metaspace       used 35781K, committed 35968K, reserved 1114112K
  class space    used 4399K, committed 4480K, reserved 1048576K
}
Event: 7.326 GC heap before
{Heap before GC invocations=10 (full 0):
 garbage-first heap   total 163840K, used 119810K [0x0000000704e00000, 0x0000000800000000)
  region size 2048K, 38 young (77824K), 3 survivors (6144K)
 Metaspace       used 46555K, committed 46912K, reserved 1114112K
  class space    used 5482K, committed 5632K, reserved 1048576K
}
Event: 7.341 GC heap after
{Heap after GC invocations=11 (full 0):
 garbage-first heap   total 163840K, used 57635K [0x0000000704e00000, 0x0000000800000000)
  region size 2048K, 5 young (10240K), 5 survivors (10240K)
 Metaspace       used 46555K, committed 46912K, reserved 1114112K
  class space    used 5482K, committed 5632K, reserved 1048576K
}
Event: 7.449 GC heap before
{Heap before GC invocations=11 (full 0):
 garbage-first heap   total 163840K, used 59683K [0x0000000704e00000, 0x0000000800000000)
  region size 2048K, 6 young (12288K), 5 survivors (10240K)
 Metaspace       used 46775K, committed 47104K, reserved 1114112K
  class space    used 5498K, committed 5632K, reserved 1048576K
}
Event: 7.459 GC heap after
{Heap after GC invocations=12 (full 0):
 garbage-first heap   total 163840K, used 58891K [0x0000000704e00000, 0x0000000800000000)
  region size 2048K, 1 young (2048K), 1 survivors (2048K)
 Metaspace       used 46775K, committed 47104K, reserved 1114112K
  class space    used 5498K, committed 5632K, reserved 1048576K
}

